<?xml version="1.0" encoding="UTF-8"?>
<!-- Generated by org.testng.reporters.JUnitReportReporter -->
<testsuite hostname="C02LQ1NKFD59" name="com.walmart.page.PageObjectModel" tests="7" failures="0" timestamp="10 Apr 2019 15:02:42 GMT" time="9.468" errors="0">
  <testcase name="check_item_image_displayed" time="2.464" classname="com.walmart.page.PageObjectModel"/>
  <testcase name="search_item_main_page" time="4.704" classname="com.walmart.page.PageObjectModel"/>
  <testcase name="click_item_on_search_result" time="0.104" classname="com.walmart.page.PageObjectModel"/>
  <testcase name="validate_find_in_store_label" time="0.026" classname="com.walmart.page.PageObjectModel"/>
  <testcase name="verify_add_to_cart_label" time="0.027" classname="com.walmart.page.PageObjectModel"/>
  <testcase name="validate_cart_quantity_not_negative" time="0.020" classname="com.walmart.page.PageObjectModel"/>
  <testcase name="add_item_to_cart" time="2.123" classname="com.walmart.page.PageObjectModel"/>
</testsuite> <!-- com.walmart.page.PageObjectModel -->
