<?xml version="1.0" encoding="UTF-8"?>
<!-- Generated by org.testng.reporters.JUnitReportReporter -->
<testsuite hostname="C02LQ1NKFD59" name="base.selenium.PageObjectModel" tests="7" failures="0" timestamp="10 Apr 2019 03:29:34 GMT" time="8.291" errors="0">
  <testcase name="test2" time="0.154" classname="base.selenium.PageObjectModel"/>
  <testcase name="test3" time="2.164" classname="base.selenium.PageObjectModel"/>
  <testcase name="validate_find_in_store_label" time="1.032" classname="base.selenium.PageObjectModel"/>
  <testcase name="verify_add_to_cart_label" time="1.032" classname="base.selenium.PageObjectModel"/>
  <testcase name="add_item_to_cart" time="2.111" classname="base.selenium.PageObjectModel"/>
  <testcase name="test1" time="1.779" classname="base.selenium.PageObjectModel"/>
  <testcase name="validate_cart_quantity_not_negative" time="0.019" classname="base.selenium.PageObjectModel"/>
</testsuite> <!-- base.selenium.PageObjectModel -->
